<?xml version="1.0" encoding="UTF-8"?>
<testsuite name="jrails.HtmlTest" tests="1" skipped="0" failures="0" errors="0" timestamp="2021-04-21T08:48:56" hostname="Zhicheng.local" time="0.005">
  <properties/>
  <testcase name="empty" classname="jrails.HtmlTest" time="0.005"/>
  <system-out><![CDATA[]]></system-out>
  <system-err><![CDATA[]]></system-err>
</testsuite>
