<?xml version="1.0" encoding="UTF-8"?>
<testsuite name="jrails.ModelTest" tests="2" skipped="0" failures="0" errors="0" timestamp="2021-04-21T08:48:56" hostname="Zhicheng.local" time="0.008">
  <properties/>
  <testcase name="testModelSave" classname="jrails.ModelTest" time="0.007"/>
  <testcase name="testReset" classname="jrails.ModelTest" time="0.001"/>
  <system-out><![CDATA[]]></system-out>
  <system-err><![CDATA[]]></system-err>
</testsuite>
